[    0.000000] Linux version 4.15.0-212-generic (buildd@lcy02-amd64-083) (gcc version 7.5.0 (Ubuntu 7.5.0-3ubuntu1~18.04)) #223-Ubuntu SMP Tue May 23 13:09:22 UTC 2023 (Ubuntu 4.15.0-212.223-generic 4.15.18)
[    0.000000] Command line: BOOT_IMAGE=/boot/vmlinuz-4.15.0-212-generic root=LABEL=cloudimg-rootfs ro console=tty1 console=ttyS0
[    0.000000] KERNEL supported cpus:
[    0.000000]   Intel GenuineIntel
[    0.000000]   AMD AuthenticAMD
[    0.000000]   Centaur CentaurHauls
[    0.000000] [Firmware Bug]: TSC doesn't count with P0 frequency!
[    0.000000] x86/fpu: x87 FPU will use FXSAVE
[    0.000000] e820: BIOS-provided physical RAM map:
[    0.000000] BIOS-e820: [mem 0x0000000000000000-0x000000000009fbff] usable
[    0.000000] BIOS-e820: [mem 0x000000000009fc00-0x000000000009ffff] reserved
[    0.000000] BIOS-e820: [mem 0x00000000000f0000-0x00000000000fffff] reserved
[    0.000000] BIOS-e820: [mem 0x0000000000100000-0x000000007ffeffff] usable
[    0.000000] BIOS-e820: [mem 0x000000007fff0000-0x000000007fffffff] ACPI data
[    0.000000] BIOS-e820: [mem 0x00000000fec00000-0x00000000fec00fff] reserved
[    0.000000] BIOS-e820: [mem 0x00000000fee00000-0x00000000fee00fff] reserved
[    0.000000] BIOS-e820: [mem 0x00000000fffc0000-0x00000000ffffffff] reserved
[    0.000000] NX (Execute Disable) protection: active
[    0.000000] SMBIOS 2.5 present.
[    0.000000] DMI: innotek GmbH VirtualBox/VirtualBox, BIOS VirtualBox 12/01/2006
[    0.000000] Hypervisor detected: KVM
[    0.000000] e820: last_pfn = 0x7fff0 max_arch_pfn = 0x400000000
[    0.000000] MTRR: Disabled
[    0.000000] x86/PAT: MTRRs disabled, skipping PAT initialization too.
[    0.000000] CPU MTRRs all blank - virtualized system.
[    0.000000] x86/PAT: Configuration [0-7]: WB  WT  UC- UC  WB  WT  UC- UC  
[    0.000000] found SMP MP-table at [mem 0x0009fff0-0x0009ffff]
[    0.000000] Scanning 1 areas for low memory corruption
[    0.000000] RAMDISK: [mem 0x359cb000-0x36cdcfff]
[    0.000000] ACPI: Early table checksum verification disabled
[    0.000000] ACPI: RSDP 0x00000000000E0000 000024 (v02 VBOX  )
[    0.000000] ACPI: XSDT 0x000000007FFF0030 00003C (v01 VBOX   VBOXXSDT 00000001 ASL  00000061)
[    0.000000] ACPI: FACP 0x000000007FFF00F0 0000F4 (v04 VBOX   VBOXFACP 00000001 ASL  00000061)
[    0.000000] ACPI: DSDT 0x000000007FFF0610 002353 (v02 VBOX   VBOXBIOS 00000002 INTL 20100528)
[    0.000000] ACPI: FACS 0x000000007FFF0200 000040
[    0.000000] ACPI: FACS 0x000000007FFF0200 000040
[    0.000000] ACPI: APIC 0x000000007FFF0240 00005C (v02 VBOX   VBOXAPIC 00000001 ASL  00000061)
[    0.000000] ACPI: SSDT 0x000000007FFF02A0 00036C (v01 VBOX   VBOXCPUT 00000002 INTL 20100528)
[    0.000000] ACPI: Reserving FACP table memory at [mem 0x7fff00f0-0x7fff01e3]
[    0.000000] ACPI: Reserving DSDT table memory at [mem 0x7fff0610-0x7fff2962]
[    0.000000] ACPI: Reserving FACS table memory at [mem 0x7fff0200-0x7fff023f]
[    0.000000] ACPI: Reserving FACS table memory at [mem 0x7fff0200-0x7fff023f]
[    0.000000] ACPI: Reserving APIC table memory at [mem 0x7fff0240-0x7fff029b]
[    0.000000] ACPI: Reserving SSDT table memory at [mem 0x7fff02a0-0x7fff060b]
[    0.000000] No NUMA configuration found
[    0.000000] Faking a node at [mem 0x0000000000000000-0x000000007ffeffff]
[    0.000000] NODE_DATA(0) allocated [mem 0x7ffc5000-0x7ffeffff]
[    0.000000] kvm-clock: cpu 0, msr 0:7ff44001, primary cpu clock
[    0.000000] kvm-clock: Using msrs 4b564d01 and 4b564d00
[    0.000000] kvm-clock: using sched offset of 5375569145 cycles
[    0.000000] clocksource: kvm-clock: mask: 0xffffffffffffffff max_cycles: 0x1cd42e4dffb, max_idle_ns: 881590591483 ns
[    0.000000] Zone ranges:
[    0.000000]   DMA      [mem 0x0000000000001000-0x0000000000ffffff]
[    0.000000]   DMA32    [mem 0x0000000001000000-0x000000007ffeffff]
[    0.000000]   Normal   empty
[    0.000000]   Device   empty
[    0.000000] Movable zone start for each node
[    0.000000] Early memory node ranges
[    0.000000]   node   0: [mem 0x0000000000001000-0x000000000009efff]
[    0.000000]   node   0: [mem 0x0000000000100000-0x000000007ffeffff]
[    0.000000] Reserved but unavailable: 104 pages
[    0.000000] Initmem setup node 0 [mem 0x0000000000001000-0x000000007ffeffff]
[    0.000000] ACPI: PM-Timer IO Port: 0x4008
[    0.000000] IOAPIC[0]: apic_id 2, version 32, address 0xfec00000, GSI 0-23
[    0.000000] ACPI: INT_SRC_OVR (bus 0 bus_irq 0 global_irq 2 dfl dfl)
[    0.000000] ACPI: INT_SRC_OVR (bus 0 bus_irq 9 global_irq 9 low level)
[    0.000000] Using ACPI (MADT) for SMP configuration information
[    0.000000] smpboot: Allowing 2 CPUs, 0 hotplug CPUs
[    0.000000] PM: Registered nosave memory: [mem 0x00000000-0x00000fff]
[    0.000000] PM: Registered nosave memory: [mem 0x0009f000-0x0009ffff]
[    0.000000] PM: Registered nosave memory: [mem 0x000a0000-0x000effff]
[    0.000000] PM: Registered nosave memory: [mem 0x000f0000-0x000fffff]
[    0.000000] e820: [mem 0x80000000-0xfebfffff] available for PCI devices
[    0.000000] Booting paravirtualized kernel on KVM
[    0.000000] clocksource: refined-jiffies: mask: 0xffffffff max_cycles: 0xffffffff, max_idle_ns: 7645519600211568 ns
[    0.000000] setup_percpu: NR_CPUS:8192 nr_cpumask_bits:2 nr_cpu_ids:2 nr_node_ids:1
[    0.000000] percpu: Embedded 50 pages/cpu s167936 r8192 d28672 u1048576
[    0.000000] PV qspinlock hash table entries: 256 (order: 0, 4096 bytes)
[    0.000000] Built 1 zonelists, mobility grouping on.  Total pages: 515961
[    0.000000] Policy zone: DMA32
[    0.000000] Kernel command line: BOOT_IMAGE=/boot/vmlinuz-4.15.0-212-generic root=LABEL=cloudimg-rootfs ro console=tty1 console=ttyS0
[    0.000000] Memory: 2014836K/2096696K available (12300K kernel code, 2477K rwdata, 4324K rodata, 2480K init, 2720K bss, 81860K reserved, 0K cma-reserved)
[    0.000000] SLUB: HWalign=64, Order=0-3, MinObjects=0, CPUs=2, Nodes=1
[    0.000000] ftrace: allocating 39508 entries in 155 pages
[    0.004000] Hierarchical RCU implementation.
[    0.004000] 	RCU restricting CPUs from NR_CPUS=8192 to nr_cpu_ids=2.
[    0.004000] 	Tasks RCU enabled.
[    0.004000] RCU: Adjusting geometry for rcu_fanout_leaf=16, nr_cpu_ids=2
[    0.004000] NR_IRQS: 524544, nr_irqs: 440, preallocated irqs: 16
[    0.004000] random: crng init done
[    0.004000] Console: colour VGA+ 80x25
[    0.004000] console [tty1] enabled
[    0.004000] console [ttyS0] enabled
[    0.004000] ACPI: Core revision 20170831
[    0.004000] ACPI: 2 ACPI AML tables successfully acquired and loaded
[    0.004000] APIC: Switch to symmetric I/O mode setup
[    0.008000] ..TIMER: vector=0x30 apic1=0 pin1=2 apic2=-1 pin2=-1
[    0.008011] tsc: Detected 2095.988 MHz processor
[    0.012012] Calibrating delay loop (skipped) preset value.. 4191.97 BogoMIPS (lpj=8383952)
[    0.016008] pid_max: default: 32768 minimum: 301
[    0.020133] Security Framework initialized
[    0.024005] Yama: becoming mindful.
[    0.028181] AppArmor: AppArmor initialized
[    0.052079] Dentry cache hash table entries: 262144 (order: 9, 2097152 bytes)
[    0.068079] Inode-cache hash table entries: 131072 (order: 8, 1048576 bytes)
[    0.072361] Mount-cache hash table entries: 4096 (order: 3, 32768 bytes)
[    0.076285] Mountpoint-cache hash table entries: 4096 (order: 3, 32768 bytes)
[    0.085505] Last level iTLB entries: 4KB 1024, 2MB 1024, 4MB 512
[    0.088009] Last level dTLB entries: 4KB 2048, 2MB 2048, 4MB 1024, 1GB 0
[    0.092008] Spectre V1 : Mitigation: usercopy/swapgs barriers and __user pointer sanitization
[    0.096009] Spectre V2 : Mitigation: Retpolines
[    0.100006] Spectre V2 : Spectre v2 / SpectreRSB mitigation: Filling RSB on context switch
[    0.104008] Spectre V2 : Spectre v2 / SpectreRSB : Filling RSB on VMEXIT
[    0.108006] RETBleed: Vulnerable
[    0.112269] Freeing SMP alternatives memory: 36K
[    0.228807] APIC calibration not consistent with PM-Timer: 97ms instead of 100ms
[    0.232000] APIC delta adjusted to PM-Timer: 6254043 (6128597)
[    0.233495] smpboot: CPU0: AMD Ryzen 5 5500U with Radeon Graphics (family: 0x17, model: 0x68, stepping: 0x1)
[    0.236000] Performance Events: PMU not available due to virtualization, using software events only.
[    0.236000] Hierarchical SRCU implementation.
[    0.236000] NMI watchdog: Perf event create on CPU 0 failed with -2
[    0.236011] NMI watchdog: Perf NMI watchdog permanently disabled
[    0.244687] smp: Bringing up secondary CPUs ...
[    0.250283] x86: Booting SMP configuration:
[    0.252017] .... node  #0, CPUs:      #1
[    0.004000] kvm-clock: cpu 1, msr 0:7ff44041, secondary cpu clock
[    0.282080] TSC synchronization [CPU#0 -> CPU#1]:
[    0.284000] Measured 79403 cycles TSC warp between CPUs, turning off TSC clock.
[    0.284000] tsc: Marking TSC unstable due to check_tsc_sync_source failed
[    0.288567] smp: Brought up 1 node, 2 CPUs
[    0.292023] smpboot: Max logical packages: 1
[    0.296018] smpboot: Total of 2 processors activated (8383.95 BogoMIPS)
[    0.304393] devtmpfs: initialized
[    0.316982] x86/mm: Memory block size: 128MB
[    0.333552] evm: security.selinux
[    0.348011] evm: security.SMACK64
[    0.360009] evm: security.SMACK64EXEC
[    0.372018] evm: security.SMACK64TRANSMUTE
[    0.388008] evm: security.SMACK64MMAP
[    0.400007] evm: security.apparmor
[    0.412008] evm: security.ima
[    0.424009] evm: security.capability
[    0.440748] clocksource: jiffies: mask: 0xffffffff max_cycles: 0xffffffff, max_idle_ns: 7645041785100000 ns
[    0.444035] futex hash table entries: 512 (order: 3, 32768 bytes)
[    0.448446] pinctrl core: initialized pinctrl subsystem
[    0.457019] RTC time: 16:07:34, date: 11/27/24
[    0.462595] NET: Registered protocol family 16
[    0.464335] audit: initializing netlink subsys (disabled)
[    0.468445] audit: type=2000 audit(1732723660.484:1): state=initialized audit_enabled=0 res=1
[    0.484237] cpuidle: using governor ladder
[    0.496397] cpuidle: using governor menu
[    0.508096] ACPI: bus type PCI registered
[    0.512014] acpiphp: ACPI Hot Plug PCI Controller Driver version: 0.5
[    0.517128] PCI: Using configuration type 1 for base access
[    0.520010] PCI: Using configuration type 1 for extended access
[    0.532827] HugeTLB registered 2.00 MiB page size, pre-allocated 0 pages
[    0.544874] ACPI: Added _OSI(Module Device)
[    0.548023] ACPI: Added _OSI(Processor Device)
[    0.552012] ACPI: Added _OSI(3.0 _SCP Extensions)
[    0.556013] ACPI: Added _OSI(Processor Aggregator Device)
[    0.560018] ACPI: Added _OSI(Linux-Dell-Video)
[    0.564017] ACPI: Added _OSI(Linux-Lenovo-NV-HDMI-Audio)
[    0.568009] ACPI: Added _OSI(Linux-HPI-Hybrid-Graphics)
[    0.573475] ACPI: Executed 1 blocks of module-level executable AML code
[    0.590718] ACPI: Interpreter enabled
[    0.592024] ACPI: (supports S0 S5)
[    0.596007] ACPI: Using IOAPIC for interrupt routing
[    0.600974] PCI: Using host bridge windows from ACPI; if necessary, use "pci=nocrs" and report a bug
[    0.604455] ACPI: Enabled 2 GPEs in block 00 to 07
[    0.627612] ACPI: PCI Root Bridge [PCI0] (domain 0000 [bus 00-ff])
[    0.628033] acpi PNP0A03:00: _OSC: OS supports [ExtendedConfig ASPM ClockPM Segments MSI]
[    0.639298] acpi PNP0A03:00: _OSC: platform does not support [PCIeCapability]
[    0.641355] acpi PNP0A03:00: _OSC: not requesting control; platform does not support [PCIeCapability]
[    0.644012] acpi PNP0A03:00: _OSC: OS requested [PCIeHotplug PME AER PCIeCapability]
[    0.648010] acpi PNP0A03:00: _OSC: platform willing to grant [PCIeHotplug PME AER]
[    0.652010] acpi PNP0A03:00: _OSC failed (AE_SUPPORT); disabling ASPM
[    0.657464] PCI host bridge to bus 0000:00
[    0.660009] pci_bus 0000:00: root bus resource [io  0x0000-0x0cf7 window]
[    0.664012] pci_bus 0000:00: root bus resource [io  0x0d00-0xffff window]
[    0.668013] pci_bus 0000:00: root bus resource [mem 0x000a0000-0x000bffff window]
[    0.672015] pci_bus 0000:00: root bus resource [mem 0x80000000-0xfdffffff window]
[    0.676015] pci_bus 0000:00: root bus resource [bus 00-ff]
[    0.694879] pci 0000:00:01.1: legacy IDE quirk: reg 0x10: [io  0x01f0-0x01f7]
[    0.696012] pci 0000:00:01.1: legacy IDE quirk: reg 0x14: [io  0x03f6]
[    0.700009] pci 0000:00:01.1: legacy IDE quirk: reg 0x18: [io  0x0170-0x0177]
[    0.704010] pci 0000:00:01.1: legacy IDE quirk: reg 0x1c: [io  0x0376]
[    0.748996] pci 0000:00:07.0: quirk: [io  0x4000-0x403f] claimed by PIIX4 ACPI
[    0.752102] pci 0000:00:07.0: quirk: [io  0x4100-0x410f] claimed by PIIX4 SMB
[    0.778946] ACPI: PCI Interrupt Link [LNKA] (IRQs 5 9 10 *11)
[    0.781027] ACPI: PCI Interrupt Link [LNKB] (IRQs 5 9 *10 11)
[    0.784382] ACPI: PCI Interrupt Link [LNKC] (IRQs 5 *9 10 11)
[    0.788405] ACPI: PCI Interrupt Link [LNKD] (IRQs 5 9 10 *11)
[    0.797219] SCSI subsystem initialized
[    0.804076] pci 0000:00:02.0: vgaarb: setting as boot VGA device
[    0.808000] pci 0000:00:02.0: vgaarb: VGA device added: decodes=io+mem,owns=io+mem,locks=none
[    0.808013] pci 0000:00:02.0: vgaarb: bridge control possible
[    0.812007] vgaarb: loaded
[    0.816052] ACPI: bus type USB registered
[    0.820098] usbcore: registered new interface driver usbfs
[    0.824048] usbcore: registered new interface driver hub
[    0.828085] usbcore: registered new device driver usb
[    0.832656] EDAC MC: Ver: 3.0.0
[    0.840606] PCI: Using ACPI for IRQ routing
[    0.857514] NetLabel: Initializing
[    0.868009] NetLabel:  domain hash size = 128
[    0.880006] NetLabel:  protocols = UNLABELED CIPSOv4 CALIPSO
[    0.896034] NetLabel:  unlabeled traffic allowed by default
[    0.916449] clocksource: Switched to clocksource kvm-clock
[    0.959414] VFS: Disk quotas dquot_6.6.0
[    0.959414] VFS: Dquot-cache hash table entries: 512 (order 0, 4096 bytes)
[    0.959414] AppArmor: AppArmor Filesystem Enabled
[    0.959414] pnp: PnP ACPI init
[    0.959414] pnp: PnP ACPI: found 3 devices
[    1.131043] clocksource: acpi_pm: mask: 0xffffff max_cycles: 0xffffff, max_idle_ns: 2085701024 ns
[    1.147646] NET: Registered protocol family 2
[    1.151462] IP idents hash table entries: 32768 (order: 6, 262144 bytes)
[    1.170362] TCP established hash table entries: 16384 (order: 5, 131072 bytes)
[    1.184702] TCP bind hash table entries: 16384 (order: 6, 262144 bytes)
[    1.187341] TCP: Hash tables configured (established 16384 bind 16384)
[    1.187341] UDP hash table entries: 1024 (order: 3, 32768 bytes)
[    1.187341] UDP-Lite hash table entries: 1024 (order: 3, 32768 bytes)
[    1.187341] NET: Registered protocol family 1
[    1.238829] pci 0000:00:00.0: Limiting direct PCI/PCI transfers
[    1.242733] pci 0000:00:01.0: Activating ISA DMA hang workarounds
[    1.260330] pci 0000:00:02.0: Video device with shadowed ROM at [mem 0x000c0000-0x000dffff]
[    1.264011] Unpacking initramfs...
[    2.236322] Freeing initrd memory: 19528K
[    2.244777] clocksource: tsc: mask: 0xffffffffffffffff max_cycles: 0x1e36628d06a, max_idle_ns: 440795283511 ns
[    2.263270] platform rtc_cmos: registered platform RTC device (no PNP device found)
[    2.276342] Scanning for low memory corruption every 60 seconds
[    2.290213] Initialise system trusted keyrings
[    2.297753] Key type blacklist registered
[    2.327829] workingset: timestamp_bits=36 max_order=19 bucket_order=0
[    2.344659] zbud: loaded
[    2.352721] squashfs: version 4.0 (2009/01/31) Phillip Lougher
[    2.365052] fuse init (API version 7.26)
[    2.443763] Key type asymmetric registered
[    2.453242] Asymmetric key parser 'x509' registered
[    2.462561] Block layer SCSI generic (bsg) driver version 0.4 loaded (major 246)
[    2.476574] io scheduler noop registered
[    2.484637] io scheduler deadline registered
[    2.492978] io scheduler cfq registered (default)
[    2.503130] ACPI: AC Adapter [AC] (off-line)
[    2.511959] input: Power Button as /devices/LNXSYSTM:00/LNXPWRBN:00/input/input0
[    2.525253] ACPI: Power Button [PWRF]
[    2.532991] input: Sleep Button as /devices/LNXSYSTM:00/LNXSLPBN:00/input/input1
[    2.545221] ACPI: Sleep Button [SLPF]
[    2.555074] Serial: 8250/16550 driver, 32 ports, IRQ sharing enabled
[    2.559062] ACPI: Battery Slot [BAT0] (battery present)
[    2.604700] 00:02: ttyS0 at I/O 0x3f8 (irq = 4, base_baud = 115200) is a 16550A
[    2.648484] Linux agpgart interface v0.103
[    2.672639] loop: module loaded
[    2.683343] scsi host0: ata_piix
[    2.691082] scsi host1: ata_piix
[    2.697209] ata1: PATA max UDMA/33 cmd 0x1f0 ctl 0x3f6 bmdma 0xd000 irq 14
[    2.708833] ata2: PATA max UDMA/33 cmd 0x170 ctl 0x376 bmdma 0xd008 irq 15
[    2.719681] tun: Universal TUN/TAP device driver, 1.6
[    2.730601] PPP generic driver version 2.4.2
[    2.738990] ehci_hcd: USB 2.0 'Enhanced' Host Controller (EHCI) Driver
[    2.749742] ehci-pci: EHCI PCI platform driver
[    2.757622] ehci-platform: EHCI generic platform driver
[    2.767106] ohci_hcd: USB 1.1 'Open' Host Controller (OHCI) Driver
[    2.777334] ohci-pci: OHCI PCI platform driver
[    2.785326] ohci-platform: OHCI generic platform driver
[    2.795151] uhci_hcd: USB Universal Host Controller Interface driver
[    2.805732] i8042: PNP: PS/2 Controller [PNP0303:PS2K,PNP0f03:PS2M] at 0x60,0x64 irq 1,12
[    2.824832] serio: i8042 KBD port at 0x60,0x64 irq 1
[    2.832897] serio: i8042 AUX port at 0x60,0x64 irq 12
[    2.841794] mousedev: PS/2 mouse device common for all mice
[    2.857011] rtc_cmos rtc_cmos: rtc core: registered rtc_cmos as rtc0
[    2.869449] input: AT Translated Set 2 keyboard as /devices/platform/i8042/serio0/input/input2
[    2.869819] rtc_cmos rtc_cmos: alarms up to one day, 114 bytes nvram
[    2.904370] i2c /dev entries driver
[    2.912455] device-mapper: uevent: version 1.0.3
[    2.921191] device-mapper: ioctl: 4.37.0-ioctl (2017-09-20) initialised: dm-devel@redhat.com
[    2.944607] ledtrig-cpu: registered to indicate activity on CPUs
[    2.955295] NET: Registered protocol family 10
[    2.971218] Segment Routing with IPv6
[    2.978978] NET: Registered protocol family 17
[    2.986709] Key type dns_resolver registered
[    2.996842] mce: Using 0 MCE banks
[    3.001959] RAS: Correctable Errors collector initialized.
[    3.010382] sched_clock: Marking stable (3010249681, 0)->(4829578955, -1819329274)
[    3.027721] registered taskstats version 1
[    3.034055] Loading compiled-in X.509 certificates
[    3.048863] Loaded X.509 cert 'Build time autogenerated kernel key: b5b26778eaa3ab3a4a6cee031137706e947d12ad'
[    3.063102] Loaded X.509 cert 'Canonical Ltd. Live Patch Signing: 14df34d1a87cf37625abec039ef2bf521249b969'
[    3.078849] Loaded X.509 cert 'Canonical Ltd. Kernel Module Signing: 88f752e560a1e0737e31163a466ad7b70a850c19'
[    3.092528] blacklist: Loading compiled-in revocation X.509 certificates
[    3.102199] Loaded X.509 cert 'Canonical Ltd. Secure Boot Signing: 61482aa2830d0ab2ad5af10b7250da9033ddcef0'
[    3.117615] Loaded X.509 cert 'Canonical Ltd. Secure Boot Signing (2017): 242ade75ac4a15e50d50c84b0d45ff3eae707a03'
[    3.132781] Loaded X.509 cert 'Canonical Ltd. Secure Boot Signing (ESM 2018): 365188c1d374d6b07c3c8f240f8ef722433d6a8b'
[    3.147259] Loaded X.509 cert 'Canonical Ltd. Secure Boot Signing (2019): c0746fd6c5da3ae827864651ad66ae47fe24b3e8'
[    3.162135] Loaded X.509 cert 'Canonical Ltd. Secure Boot Signing (2021 v1): a8d54bbb3825cfb94fa13c9f8a594a195c107b8d'
[    3.176260] Loaded X.509 cert 'Canonical Ltd. Secure Boot Signing (2021 v2): 4cf046892d6fd3c9a5b03f98d845f90851dc6a8c'
[    3.190817] Loaded X.509 cert 'Canonical Ltd. Secure Boot Signing (2021 v3): 100437bb6de6e469b581e61cd66bce3ef4ed53af'
[    3.205020] Loaded X.509 cert 'Canonical Ltd. Secure Boot Signing (Ubuntu Core 2019): c1d57b8f6b743f23ee41f4f7ee292f06eecadfb9'
[    3.219751] zswap: loaded using pool lzo/zbud
[    3.240764] Key type big_key registered
[    3.246707] Key type trusted registered
[    3.257691] Key type encrypted registered
[    3.263858] AppArmor: AppArmor sha1 policy hashing enabled
[    3.270954] ima: No TPM chip found, activating TPM-bypass! (rc=-19)
[    3.279175] ima: Allocated hash algorithm: sha1
[    3.285384] evm: HMAC attrs: 0x1
[    3.291140]   Magic number: 0:822:136
[    3.297452] rtc_cmos rtc_cmos: setting system clock to 2024-11-27 16:07:37 UTC (1732723657)
[    3.309959] BIOS EDD facility v0.16 2004-Jun-25, 0 devices found
[    3.317956] EDD information not available.
[    3.328233] Freeing unused kernel image memory: 2480K
[    3.353002] Write protecting the kernel read-only data: 20480k
[    3.363323] Freeing unused kernel image memory: 2008K
[    3.372597] Freeing unused kernel image memory: 1820K
[    3.389022] x86/mm: Checked W+X mappings: passed, no W+X pages found.
Loading, please wait...
starting version 237
[    3.513933] e1000: Intel(R) PRO/1000 Network Driver - version 7.3.21-k8-NAPI
[    3.524491] e1000: Copyright (c) 1999-2006 Intel Corporation.
[    3.550432] Fusion MPT base driver 3.04.20
[    3.555579] Copyright (c) 1999-2008 LSI Corporation
[    3.598819] SSE version of gcm_enc/dec engaged.
[    3.614706] Fusion MPT SPI Host driver 3.04.20
[    3.789469] input: ImExPS/2 Generic Explorer Mouse as /devices/platform/i8042/serio1/input/input4
[    4.377128] e1000 0000:00:03.0 eth0: (PCI:33MHz:32-bit) 02:3b:7b:b7:3b:2d
[    4.385334] e1000 0000:00:03.0 eth0: Intel(R) PRO/1000 Network Connection
[    5.132565] e1000 0000:00:08.0 eth1: (PCI:33MHz:32-bit) 08:00:27:e4:e2:03
[    5.140547] e1000 0000:00:08.0 eth1: Intel(R) PRO/1000 Network Connection
[    5.150405] e1000 0000:00:08.0 enp0s8: renamed from eth1
[    5.158247] mptbase: ioc0: Initiating bringup
[    5.177601] e1000 0000:00:03.0 enp0s3: renamed from eth0
[    5.280302] ioc0: LSI53C1030 A0: Capabilities={Initiator}
[    5.559184] scsi host2: ioc0: LSI53C1030 A0, FwRev=00000000h, Ports=1, MaxQ=256, IRQ=20
[    5.739616] scsi 2:0:0:0: Direct-Access     VBOX     HARDDISK         1.0  PQ: 0 ANSI: 5
[    5.784213] scsi target2:0:0: Beginning Domain Validation
[    5.801575] scsi target2:0:0: Domain Validation skipping write tests
[    5.808587] scsi target2:0:0: Ending Domain Validation
[    5.814852] scsi target2:0:0: asynchronous
[    5.821846] scsi 2:0:1:0: Direct-Access     VBOX     HARDDISK         1.0  PQ: 0 ANSI: 5
[    6.655680] scsi target2:0:1: Beginning Domain Validation
[    6.674147] scsi target2:0:1: Domain Validation skipping write tests
[    6.684121] scsi target2:0:1: Ending Domain Validation
[    6.692821] scsi target2:0:1: asynchronous
[    6.726223] sd 2:0:0:0: Attached scsi generic sg0 type 0
[    6.738551] sd 2:0:0:0: [sda] 83886080 512-byte logical blocks: (42.9 GB/40.0 GiB)
[    6.738672] sd 2:0:1:0: Attached scsi generic sg1 type 0
[    6.766398] sd 2:0:0:0: [sda] Write Protect is off
[    6.767983] sd 2:0:1:0: [sdb] 20480 512-byte logical blocks: (10.5 MB/10.0 MiB)
[    6.790931] sd 2:0:1:0: [sdb] Write Protect is off
[    6.791240] sd 2:0:0:0: [sda] Incomplete mode parameter data
[    6.812332] sd 2:0:0:0: [sda] Assuming drive cache: write through
[    6.813250] sd 2:0:1:0: [sdb] Incomplete mode parameter data
[    6.835322] sd 2:0:1:0: [sdb] Assuming drive cache: write through
[    6.865107]  sda: sda1
[    6.874341] sd 2:0:1:0: [sdb] Attached SCSI disk
[    6.886107] sd 2:0:0:0: [sda] Attached SCSI disk
Begin: Loading essential drivers ... 